<?xml version="1.0" encoding="UTF-8"?>
<!-- Generated by org.testng.reporters.JUnitReportReporter -->
<testsuite skipped="0" hostname="Bruno" name="firstcleartriptest.mavenjava.BTrainTest" tests="2" failures="0" timestamp="2021-06-14T16:07:13 IST" time="2.990" errors="0">
  <testcase name="bclassTrain" time="2.098" classname="firstcleartriptest.mavenjava.BTrainTest"/>
  <system-out/>
  <testcase name="cdateTrain" time="0.892" classname="firstcleartriptest.mavenjava.BTrainTest"/>
  <system-out/>
</testsuite> <!-- firstcleartriptest.mavenjava.BTrainTest -->
