<?xml version="1.0" encoding="UTF-8"?>
<!-- Generated by org.testng.reporters.JUnitReportReporter -->
<testsuite skipped="0" hostname="Bruno" name="firstcleartriptest.mavenjava.CHotelTest" tests="2" failures="0" timestamp="2021-06-14T16:07:13 IST" time="7.130" errors="0">
  <testcase name="aHotelLocation" time="3.939" classname="firstcleartriptest.mavenjava.CHotelTest"/>
  <system-out/>
  <testcase name="bHotelTraveller" time="3.191" classname="firstcleartriptest.mavenjava.CHotelTest"/>
  <system-out/>
</testsuite> <!-- firstcleartriptest.mavenjava.CHotelTest -->
