<?xml version="1.0" encoding="UTF-8"?>
<!-- Generated by org.testng.reporters.JUnitReportReporter -->
<testsuite skipped="0" hostname="Bruno" name="firstcleartriptest.mavenjava.AFlightTest" tests="2" failures="0" timestamp="2021-06-20T16:58:21 IST" time="4.792" errors="0">
  <testcase name="testFlight" time="0.338" classname="firstcleartriptest.mavenjava.AFlightTest"/>
  <system-out/>
  <testcase name="testPersons" time="4.454" classname="firstcleartriptest.mavenjava.AFlightTest"/>
  <system-out/>
</testsuite> <!-- firstcleartriptest.mavenjava.AFlightTest -->
