<?xml version="1.0" encoding="UTF-8"?>
<!-- Generated by org.testng.reporters.JUnitReportReporter -->
<testsuite skipped="0" hostname="Bruno" name="firstcleartriptest.mavenjava.CHotelTest" tests="2" failures="0" timestamp="2021-06-20T16:58:21 IST" time="5.688" errors="0">
  <testcase name="aHotelLocation" time="4.960" classname="firstcleartriptest.mavenjava.CHotelTest"/>
  <system-out/>
  <testcase name="bHotelTraveller" time="0.728" classname="firstcleartriptest.mavenjava.CHotelTest"/>
  <system-out/>
</testsuite> <!-- firstcleartriptest.mavenjava.CHotelTest -->
