<?xml version="1.0" encoding="UTF-8"?>
<!-- Generated by org.testng.reporters.JUnitReportReporter -->
<testsuite skipped="0" hostname="Bruno" name="firstcleartriptest.mavenjava.BTrainTest" tests="2" failures="0" timestamp="2021-06-20T16:58:21 IST" time="2.181" errors="0">
  <testcase name="bclassTrain" time="1.748" classname="firstcleartriptest.mavenjava.BTrainTest"/>
  <system-out/>
  <testcase name="cdateTrain" time="0.433" classname="firstcleartriptest.mavenjava.BTrainTest"/>
  <system-out/>
</testsuite> <!-- firstcleartriptest.mavenjava.BTrainTest -->
